<?xml version="1.0" encoding="UTF-8"?>
<!-- Generated by org.testng.reporters.JUnitXMLReporter -->
<testsuite hostname="LAPTOP-42B328LA" name="Test" tests="1" failures="0" timestamp="16 Feb 2020 19:22:59 GMT" time="0.03" errors="0">
  <testcase name="@BeforeTest init" time="0.0" classname="FinanceVal.ScreenerTest">
    <failure type="java.util.regex.PatternSyntaxException" message="Unexpected internal error near index 1
\">
      <![CDATA[java.util.regex.PatternSyntaxException: Unexpected internal error near index 1
\
	at java.util.regex.Pattern.error(Unknown Source)
	at java.util.regex.Pattern.compile(Unknown Source)
	at java.util.regex.Pattern.<init>(Unknown Source)
	at java.util.regex.Pattern.compile(Unknown Source)
	at java.lang.String.replaceAll(Unknown Source)
	at resources.Base.initDriver(Base.java:21)
	at FinanceVal.ScreenerTest.init(ScreenerTest.java:21)
... Removed 22 stack frames]]>
    </failure>
  </testcase> <!-- @BeforeTest init -->
  <testcase name="@AfterTest terminate" time="0.0" classname="FinanceVal.ScreenerTest">
    <skipped/>
  </testcase> <!-- @AfterTest terminate -->
  <testcase name="filterAndValues" time="0.001" classname="FinanceVal.ScreenerTest">
    <skipped/>
  </testcase> <!-- filterAndValues -->
</testsuite> <!-- Test -->
