<?xml version="1.0" encoding="UTF-8"?>
<testng-results skipped="1" failed="0" total="1" passed="0">
  <reporter-output>
  </reporter-output>
  <suite name="Default suite" duration-ms="41" started-at="2020-02-17T04:40:40Z" finished-at="2020-02-17T04:40:40Z">
    <groups>
    </groups>
    <test name="Default test" duration-ms="41" started-at="2020-02-17T04:40:40Z" finished-at="2020-02-17T04:40:40Z">
      <class name="FinanceVal.ScreenerTest">
        <test-method status="FAIL" signature="init()[pri:0, instance:FinanceVal.ScreenerTest@457e2f02]" name="init" is-config="true" duration-ms="0" started-at="2020-02-16T21:40:40Z" finished-at="2020-02-16T21:40:40Z">
          <exception class="java.lang.NullPointerException">
            <full-stacktrace>
              <![CDATA[java.lang.NullPointerException
	at resources.Base.initDriver(Base.java:30)
	at FinanceVal.ScreenerTest.init(ScreenerTest.java:23)
	at sun.reflect.NativeMethodAccessorImpl.invoke0(Native Method)
	at sun.reflect.NativeMethodAccessorImpl.invoke(Unknown Source)
	at sun.reflect.DelegatingMethodAccessorImpl.invoke(Unknown Source)
	at java.lang.reflect.Method.invoke(Unknown Source)
	at org.testng.internal.MethodInvocationHelper.invokeMethod(MethodInvocationHelper.java:85)
	at org.testng.internal.Invoker.invokeConfigurationMethod(Invoker.java:510)
	at org.testng.internal.Invoker.invokeConfigurations(Invoker.java:211)
	at org.testng.internal.Invoker.invokeConfigurations(Invoker.java:138)
	at org.testng.TestRunner.beforeRun(TestRunner.java:648)
	at org.testng.TestRunner.run(TestRunner.java:616)
	at org.testng.SuiteRunner.runTest(SuiteRunner.java:359)
	at org.testng.SuiteRunner.runSequentially(SuiteRunner.java:354)
	at org.testng.SuiteRunner.privateRun(SuiteRunner.java:312)
	at org.testng.SuiteRunner.run(SuiteRunner.java:261)
	at org.testng.SuiteRunnerWorker.runSuite(SuiteRunnerWorker.java:52)
	at org.testng.SuiteRunnerWorker.run(SuiteRunnerWorker.java:86)
	at org.testng.TestNG.runSuitesSequentially(TestNG.java:1191)
	at org.testng.TestNG.runSuitesLocally(TestNG.java:1116)
	at org.testng.TestNG.run(TestNG.java:1024)
	at org.testng.remote.AbstractRemoteTestNG.run(AbstractRemoteTestNG.java:115)
	at org.testng.remote.RemoteTestNG.initAndRun(RemoteTestNG.java:251)
	at org.testng.remote.RemoteTestNG.main(RemoteTestNG.java:77)
]]>
            </full-stacktrace>
          </exception> <!-- java.lang.NullPointerException -->
          <reporter-output>
          </reporter-output>
        </test-method> <!-- init -->
        <test-method status="SKIP" signature="filterAndValues()[pri:0, instance:FinanceVal.ScreenerTest@457e2f02]" name="filterAndValues" duration-ms="1" started-at="2020-02-16T21:40:40Z" finished-at="2020-02-16T21:40:40Z">
          <reporter-output>
          </reporter-output>
        </test-method> <!-- filterAndValues -->
        <test-method status="SKIP" signature="terminate()[pri:0, instance:FinanceVal.ScreenerTest@457e2f02]" name="terminate" is-config="true" duration-ms="0" started-at="2020-02-16T21:40:40Z" finished-at="2020-02-16T21:40:40Z">
          <reporter-output>
          </reporter-output>
        </test-method> <!-- terminate -->
      </class> <!-- FinanceVal.ScreenerTest -->
    </test> <!-- Default test -->
  </suite> <!-- Default suite -->
</testng-results>
